This is pdfTeX, Version 3.141592653-2.6-1.40.25 (MiKTeX 23.10.12) (preloaded format=pdflatex 2023.10.18)  18 AUG 2025 19:54
entering extended mode
 restricted \write18 enabled.
 %&-line parsing enabled.
**./Main.tex
(Main.tex
LaTeX2e <2023-06-01> patch level 1
L3 programming layer <2023-10-10>
(C:\Users\amigo\AppData\Local\Programs\MiKTeX\tex/latex/memoir\memoir.cls
Document Class: memoir 2025/03/10 v3.8.3b configurable book, report, article do
cument class
(C:\Users\amigo\AppData\Local\Programs\MiKTeX\tex/latex/xpatch\xpatch.sty
(C:\Users\amigo\AppData\Local\Programs\MiKTeX\tex/latex/l3kernel\expl3.sty
Package: expl3 2023-10-10 L3 programming layer (loader) 

(C:\Users\amigo\AppData\Local\Programs\MiKTeX\tex/latex/l3backend\l3backend-pdf
tex.def
File: l3backend-pdftex.def 2023-10-10 L3 backend support: PDF output (pdfTeX)
\l__color_backend_stack_int=\count185
\l__pdf_internal_box=\box51
))
Package: xpatch 2020/03/25 v0.3a Extending etoolbox patching commands

(C:\Users\amigo\AppData\Local\Programs\MiKTeX\tex/latex/l3packages/xparse\xpars
e.sty
Package: xparse 2023-10-10 L3 Experimental document command parser
)
(C:\Users\amigo\AppData\Local\Programs\MiKTeX\tex/latex/etoolbox\etoolbox.sty
Package: etoolbox 2020/10/05 v2.5k e-TeX tools for LaTeX (JAW)
\etb@tempcnta=\count186
))
\onelineskip=\skip48
\lxvchars=\skip49
\xlvchars=\skip50
\@memcnta=\count187
\c@@memmarkcntra=\count188
(C:\Users\amigo\AppData\Local\Programs\MiKTeX\tex/generic/iftex\iftex.sty
Package: iftex 2022/02/03 v1.0f TeX engine tests
)
\stockheight=\dimen140
\stockwidth=\dimen141
\trimtop=\skip51
\trimedge=\skip52

(C:\Users\amigo\AppData\Local\Programs\MiKTeX\tex/latex/memoir\mem12.clo
File: mem12.clo 2022/07/29 v0.5 memoir class 12pt size option
)
\binding=\skip53
\spinemargin=\skip54
\foremargin=\skip55
\uppermargin=\skip56
\lowermargin=\skip57
\headdrop=\skip58
\normalrulethickness=\skip59
\mem@maxheadheight=\skip60
\mem@maxfootheight=\skip61
\headwidth=\skip62
\c@storedpagenumber=\count189
\memPD=\dimen142
\m@mabparskip=\skip63
\thanksmarkwidth=\skip64
\thanksmarksep=\skip65
\droptitle=\skip66
\c@book=\count190
\c@part=\count191
\c@chapter=\count192
\c@section=\count193
\c@subsection=\count194
\c@subsubsection=\count195
\c@paragraph=\count196
\c@subparagraph=\count197
\beforechapskip=\skip67
\midchapskip=\skip68
\afterchapskip=\skip69
\chapindent=\skip70
\bottomsectionskip=\skip71
\secindent=\skip72
\beforesecskip=\skip73
\aftersecskip=\skip74
\subsecindent=\skip75
\beforesubsecskip=\skip76
\aftersubsecskip=\skip77
\subsubsecindent=\skip78
\beforesubsubsecskip=\skip79
\aftersubsubsecskip=\skip80
\paraindent=\skip81
\beforeparaskip=\skip82
\afterparaskip=\skip83
\subparaindent=\skip84
\beforesubparaskip=\skip85
\aftersubparaskip=\skip86
\pfbreakskip=\skip87
\c@@ppsavesec=\count198
\c@@ppsaveapp=\count199
\ragrparindent=\dimen143
\everylistparindent=\dimen144
\parsepi=\skip88
\topsepi=\skip89
\itemsepi=\skip90
\parsepii=\skip91
\topsepii=\skip92
\topsepiii=\skip93
\itemsepii=\skip94
\itemsepiii=\skip95
\partopsepii=\skip96
\partopsepiii=\skip97
\m@msavetopsep=\skip98
\m@msavepartopsep=\skip99
\@enLab=\toks17
\abstitleskip=\skip100
\absleftindent=\skip101
\abs@leftindent=\dimen145
\absrightindent=\skip102
\absparindent=\skip103
\absparsep=\skip104
\c@vslineno=\count266
\c@poemline=\count267
\c@modulo@vs=\count268
\c@memfvsline=\count269
\vleftskip=\skip105
\vrightskip=\skip106
\stanzaskip=\skip107
\versewidth=\skip108
\vgap=\skip109
\vindent=\skip110
\vleftmargin=\dimen146
\c@verse=\count270
\c@chrsinstr=\count271
\beforepoemtitleskip=\skip111
\afterpoemtitleskip=\skip112
\c@poem=\count272
\beforePoemTitleskip=\skip113
\midPoemTitleskip=\skip114
\afterPoemTitleskip=\skip115

(C:\Users\amigo\AppData\Local\Programs\MiKTeX\tex/latex/tools\array.sty
Package: array 2022/09/04 v2.5g Tabular extension package (FMi)
\col@sep=\dimen147
\ar@mcellbox=\box52
\extrarowheight=\dimen148
\NC@list=\toks18
\extratabsurround=\skip116
\backup@length=\skip117
\ar@cellbox=\box53
)
(C:\Users\amigo\AppData\Local\Programs\MiKTeX\tex/latex/tools\dcolumn.sty
Package: dcolumn 2014/10/28 v1.06 decimal alignment package (DPC)
)
(C:\Users\amigo\AppData\Local\Programs\MiKTeX\tex/latex/tools\delarray.sty
Package: delarray 2014/10/28 v1.01 array delimiter package (DPC)
)
(C:\Users\amigo\AppData\Local\Programs\MiKTeX\tex/latex/tools\tabularx.sty
Package: tabularx 2020/01/15 v2.11c `tabularx' package (DPC)
\TX@col@width=\dimen149
\TX@old@table=\dimen150
\TX@old@col=\dimen151
\TX@target=\dimen152
\TX@delta=\dimen153
\TX@cols=\count273
\TX@ftn=\toks19
)
(C:\Users\amigo\AppData\Local\Programs\MiKTeX\tex/latex/booktabs\booktabs.sty
Package: booktabs 2020/01/12 v1.61803398 Publication quality tables
\heavyrulewidth=\dimen154
\lightrulewidth=\dimen155
\cmidrulewidth=\dimen156
\belowrulesep=\dimen157
\belowbottomsep=\dimen158
\aboverulesep=\dimen159
\abovetopsep=\dimen160
\cmidrulesep=\dimen161
\cmidrulekern=\dimen162
\defaultaddspace=\dimen163
\@cmidla=\count274
\@cmidlb=\count275
\@aboverulesep=\dimen164
\@belowrulesep=\dimen165
\@thisruleclass=\count276
\@lastruleclass=\count277
\@thisrulewidth=\dimen166
)
\ctableftskip=\skip118
\ctabrightskip=\skip119
\abovecolumnspenalty=\count278
\@linestogo=\count279
\@cellstogo=\count280
\@cellsincolumn=\count281
\crtok=\toks20
\@mincolumnwidth=\dimen167
\c@newflo@tctr=\count282
\mem@margin@floatbox=\box54
\@contcwidth=\skip120
\@contindw=\skip121
\abovecaptionskip=\skip122
\belowcaptionskip=\skip123
\subfloattopskip=\skip124
\subfloatcapskip=\skip125
\subfloatcaptopadj=\skip126
\subfloatbottomskip=\skip127
\subfloatlabelskip=\skip128
\subfloatcapmargin=\dimen168
\c@@contsubnum=\count283
\m@mscap@capbox=\box55
\m@mscap@fbox=\box56
\sidecapsep=\dimen169
\sidecapwidth=\dimen170
\m@m@tempdima=\dimen171
\m@mscapraise=\dimen172
\sidecapraise=\dimen173
\m@mscapmainwidth=\dimen174
\m@mscaplkern=\dimen175
\beforeepigraphskip=\skip129
\afterepigraphskip=\skip130
\epigraphwidth=\skip131
\epigraphrule=\skip132
LaTeX Info: Redefining \em on input line 7017.
LaTeX Info: Redefining \emph on input line 7025.

(C:\Users\amigo\AppData\Local\Programs\MiKTeX\tex/latex/hyperref\nameref.sty
Package: nameref 2023-08-07 v2.53 Cross-referencing by name of section

(C:\Users\amigo\AppData\Local\Programs\MiKTeX\tex/latex/refcount\refcount.sty
Package: refcount 2019/12/15 v3.6 Data extraction from label references (HO)

(C:\Users\amigo\AppData\Local\Programs\MiKTeX\tex/generic/ltxcmds\ltxcmds.sty
Package: ltxcmds 2020-05-10 v1.25 LaTeX kernel commands for general use (HO)
)
(C:\Users\amigo\AppData\Local\Programs\MiKTeX\tex/generic/infwarerr\infwarerr.s
ty
Package: infwarerr 2019/12/03 v1.5 Providing info/warning/error messages (HO)
))
(C:\Users\amigo\AppData\Local\Programs\MiKTeX\tex/generic/gettitlestring\gettit
lestring.sty
Package: gettitlestring 2019/12/15 v1.6 Cleanup title references (HO)

(C:\Users\amigo\AppData\Local\Programs\MiKTeX\tex/latex/kvoptions\kvoptions.sty
Package: kvoptions 2022-06-15 v3.15 Key value format for package options (HO)
(C:\Users\amigo\AppData\Local\Programs\MiKTeX\tex/latex/graphics\keyval.sty
Package: keyval 2022/05/29 v1.15 key=value parser (DPC)
\KV@toks@=\toks21
)
(C:\Users\amigo\AppData\Local\Programs\MiKTeX\tex/latex/kvsetkeys\kvsetkeys.sty
Package: kvsetkeys 2022-10-05 v1.19 Key value parser (HO)
)))
\c@section@level=\count284
)
\tocentryskip=\skip133
\tocbaseline=\skip134
\cftparskip=\skip135
\cftbeforebookskip=\skip136
\cftbookindent=\dimen176
\cftbooknumwidth=\dimen177
\cftbeforepartskip=\skip137
\cftpartindent=\skip138
\cftpartnumwidth=\skip139
\cftbeforechapterskip=\skip140
\cftchapterindent=\skip141
\cftchapternumwidth=\skip142
\cftbeforesectionskip=\skip143
\cftsectionindent=\skip144
\cftsectionnumwidth=\skip145
\cftbeforesubsectionskip=\skip146
\cftsubsectionindent=\skip147
\cftsubsectionnumwidth=\skip148
\cftbeforesubsubsectionskip=\skip149
\cftsubsubsectionindent=\skip150
\cftsubsubsectionnumwidth=\skip151
\cftbeforeparagraphskip=\skip152
\cftparagraphindent=\skip153
\cftparagraphnumwidth=\skip154
\cftbeforesubparagraphskip=\skip155
\cftsubparagraphindent=\skip156
\cftsubparagraphnumwidth=\skip157
\prechapterprecisshift=\dimen178
\c@maxsecnumdepth=\count285
\bibindent=\dimen179
\bibitemsep=\skip158
\indexcolsep=\skip159
\indexrule=\skip160
\indexmarkstyle=\toks22
\@indexbox=\insert252
LaTeX Info: Redefining \raggedbottom on input line 8108.
LaTeX Info: Redefining \flushbottom on input line 8112.
\glossarycolsep=\dimen180
\glossaryrule=\dimen181
\sideparvshift=\skip161
\sideins=\insert251
\sidebartopsep=\skip162
\sidebarhsep=\skip163
\sidebarvsep=\skip164
\sidebarwidth=\skip165
\footmarkwidth=\skip166
\footmarksep=\skip167
\footparindent=\skip168
\footinsdim=\skip169
\footinsv@r=\insert250
\@mpfootinsv@r=\insert249
\m@m@k=\count286
\m@m@h=\dimen182
\m@mipn@skip=\skip170
\sidefootins=\insert248
\sidefootadjust=\skip171
\sidefootheight=\skip172
\sidefoothsep=\skip173
\sidefootvsep=\skip174
\sidefootwidth=\skip175
\m@mdownsf=\skip176
\c@sidefootnote=\count287
\sidefootmarkwidth=\skip177
\sidefootmarksep=\skip178
\sidefootparindent=\skip179
\c@pagenote=\count288
\c@pagenoteshadow=\count289
\mem@pn@lastkern=\skip180
 (C:\Users\amigo\AppData\Local\Programs\MiKTeX\tex/latex/tools\verbatim.sty
Package: verbatim 2022-07-02 v1.5u LaTeX2e package for verbatim enhancements
\every@verbatim=\toks23
\verbatim@line=\toks24
\verbatim@in@stream=\read2
)
\verbatimindent=\skip181
\verbatim@out=\write3
 (C:\Users\amigo\AppData\Local\Programs\MiKTeX\tex/latex/base\shortvrb.sty
Package: shortvrb 2022/11/13 v3.0m Standard LaTeX documentation package V3 (FMi
)
)
\bvboxsep=\skip182
\c@memfbvline=\count290
\c@bvlinectr=\count291
\bvnumlength=\skip183
\fb@frw=\dimen183
\fb@frh=\dimen184
\FrameRule=\dimen185
\FrameSep=\dimen186
\c@cp@cntr=\count292
\c@ism@mctr=\count293
\c@xsm@mctr=\count294
\c@csm@mctr=\count295
\c@ksm@mctr=\count296
\c@xksm@mctr=\count297
\c@cksm@mctr=\count298
\c@msm@mctr=\count299
\c@xmsm@mctr=\count300
\c@cmsm@mctr=\count301
\c@bsm@mctr=\count302
\c@workm@mctr=\count303
\c@sheetsequence=\count304
\c@lastsheet=\count305
\c@lastpage=\count306

(C:\Users\amigo\AppData\Local\Programs\MiKTeX\tex/latex/textcase\textcase.sty
Package: textcase 2025/02/16 v1.05 Text only upper/lower case changing (DPC)
Package textcase Info: Defining Legacy names on input line 20.
)
\c@figure=\count307
\c@lofdepth=\count308
\cftbeforefigureskip=\skip184
\cftfigureindent=\skip185
\cftfigurenumwidth=\skip186
\c@table=\count309
\c@lotdepth=\count310
\cftbeforetableskip=\skip187
\cfttableindent=\skip188
\cfttablenumwidth=\skip189


Class memoir Warning: \addtodef is marked deprecated and will be
(memoir)              removed in 2026, use instead \patchcmd,
(memoir)              \pretocmd or \apptocmd from the etoolbox package
(memoir)              (which is autoloaded by the class) on input line 12268.

Package abstract [2008/07/23] emulated by memoir.
Package appendix [2008/07/23] emulated by memoir.
Package ccaption [2008/07/23] emulated by memoir.
Package changepage [2008/07/23] emulated by memoir.
Package chngcntr [2008/07/23] emulated by memoir.
Package chngpage [2008/07/23] emulated by memoir.
Package crop emulated by memoir.
Package enumerate [2008/07/23] emulated by memoir.
Package epigraph [2008/07/23] emulated by memoir.
Package ifmtarg [2008/07/23] emulated by memoir.
Package index [2008/07/23] emulated by memoir.
Package makeidx [2008/07/23] emulated by memoir.
Package moreverb [2008/07/23] emulated by memoir.
Package needspace [2008/07/23] emulated by memoir.
Package newfile [2008/07/23] emulated by memoir.
Package nextpage [2008/07/23] emulated by memoir.
Package pagenote [2008/07/23] emulated by memoir.
Package parskip [2008/07/23] emulated by memoir.
Package patchcmd [2008/07/23] emulated by memoir.
Package setspace [2008/07/23] emulated by memoir.
Package showidx [2008/07/23] emulated by memoir.
Package titleref [2008/07/23] emulated by memoir.
Package titling [2008/07/23] emulated by memoir.
Package tocbibind [2008/07/23] emulated by memoir.
Package tocloft [2008/07/23] emulated by memoir.
Package tocvsec2 [2008/07/23] emulated by memoir.
Package verse [2008/07/23] emulated by memoir.
)

******************************************************
Stock height and width: 794.96999pt by 614.295pt
Top and edge trims: 0pt and 0pt
Page height and width: 794.96999pt by 614.295pt
Text height and width: 621pt by 472pt
Spine and edge margins: 85.35826pt and 56.9055pt
Upper and lower margins: 85.35826pt and 88.61172pt
Headheight and headsep: 56.9055pt and 19.8738pt
Footskip: 30pt
Columnsep and columnseprule: 10pt and 0pt
Marginparsep and marginparwidth: 7pt and 42.9055pt
Sidecapsep and sidecapwidth: 7pt and 50pt
Sidebarhsep and sidebarwidth: 7pt and 50pt
Sidebarvsep and sidebartopsep: 14.5pt and 0pt
Sidebarheight: 546.64995pt
Sidefoothsep and sidefootwidth: 7pt and 50pt
Sidefootvsep and sidefootheight: 14.5pt and 546.64995pt
******************************************************

(C:\Users\amigo\AppData\Local\Programs\MiKTeX\tex/latex/base\inputenc.sty
Package: inputenc 2021/02/14 v1.3d Input encoding file
\inpenc@prehook=\toks25
\inpenc@posthook=\toks26
)
(C:\Users\amigo\AppData\Local\Programs\MiKTeX\tex/generic/babel\babel.sty
Package: babel 2023/09/29 v3.95 The Babel package
\babel@savecnt=\count311
\U@D=\dimen187
\l@unhyphenated=\language79

(C:\Users\amigo\AppData\Local\Programs\MiKTeX\tex/generic/babel\txtbabel.def)
\bbl@readstream=\read3
\bbl@dirlevel=\count312

*************************************
* Local config file bblopts.cfg used
*
(C:\Users\amigo\AppData\Local\Programs\MiKTeX\tex/latex/arabi\bblopts.cfg
File: bblopts.cfg 2005/09/08 v0.1 add Arabic and Farsi to "declared" options of
 babel
)
(C:\Users\amigo\AppData\Local\Programs\MiKTeX\tex/latex/babel-spanish\spanish.l
df
Language: spanish.ldf 2021/05/27 v5.0q Spanish support from the babel system
\es@quottoks=\toks27
\es@quotdepth=\count313
Package babel Info: Making " an active character on input line 570.
Package babel Info: Making . an active character on input line 675.
Package babel Info: Making < an active character on input line 722.
Package babel Info: Making > an active character on input line 722.
))
(C:\Users\amigo\AppData\Local\Programs\MiKTeX\tex/generic/babel/locale/es\babel
-spanish.tex
Package babel Info: Importing font and identification data for spanish
(babel)             from babel-es.ini. Reported on input line 11.
)
(C:\Users\amigo\AppData\Local\Programs\MiKTeX\tex/latex/base\fontenc.sty
Package: fontenc 2021/04/29 v2.0v Standard LaTeX package
)
(C:\Users\amigo\AppData\Local\Programs\MiKTeX\tex/latex/lm\lmodern.sty
Package: lmodern 2015/05/01 v1.6.1 Latin Modern Fonts
LaTeX Font Info:    Overwriting symbol font `operators' in version `normal'
(Font)                  OT1/cmr/m/n --> OT1/lmr/m/n on input line 22.
LaTeX Font Info:    Overwriting symbol font `letters' in version `normal'
(Font)                  OML/cmm/m/it --> OML/lmm/m/it on input line 23.
LaTeX Font Info:    Overwriting symbol font `symbols' in version `normal'
(Font)                  OMS/cmsy/m/n --> OMS/lmsy/m/n on input line 24.
LaTeX Font Info:    Overwriting symbol font `largesymbols' in version `normal'
(Font)                  OMX/cmex/m/n --> OMX/lmex/m/n on input line 25.
LaTeX Font Info:    Overwriting symbol font `operators' in version `bold'
(Font)                  OT1/cmr/bx/n --> OT1/lmr/bx/n on input line 26.
LaTeX Font Info:    Overwriting symbol font `letters' in version `bold'
(Font)                  OML/cmm/b/it --> OML/lmm/b/it on input line 27.
LaTeX Font Info:    Overwriting symbol font `symbols' in version `bold'
(Font)                  OMS/cmsy/b/n --> OMS/lmsy/b/n on input line 28.
LaTeX Font Info:    Overwriting symbol font `largesymbols' in version `bold'
(Font)                  OMX/cmex/m/n --> OMX/lmex/m/n on input line 29.
LaTeX Font Info:    Overwriting math alphabet `\mathbf' in version `normal'
(Font)                  OT1/cmr/bx/n --> OT1/lmr/bx/n on input line 31.
LaTeX Font Info:    Overwriting math alphabet `\mathsf' in version `normal'
(Font)                  OT1/cmss/m/n --> OT1/lmss/m/n on input line 32.
LaTeX Font Info:    Overwriting math alphabet `\mathit' in version `normal'
(Font)                  OT1/cmr/m/it --> OT1/lmr/m/it on input line 33.
LaTeX Font Info:    Overwriting math alphabet `\mathtt' in version `normal'
(Font)                  OT1/cmtt/m/n --> OT1/lmtt/m/n on input line 34.
LaTeX Font Info:    Overwriting math alphabet `\mathbf' in version `bold'
(Font)                  OT1/cmr/bx/n --> OT1/lmr/bx/n on input line 35.
LaTeX Font Info:    Overwriting math alphabet `\mathsf' in version `bold'
(Font)                  OT1/cmss/bx/n --> OT1/lmss/bx/n on input line 36.
LaTeX Font Info:    Overwriting math alphabet `\mathit' in version `bold'
(Font)                  OT1/cmr/bx/it --> OT1/lmr/bx/it on input line 37.
LaTeX Font Info:    Overwriting math alphabet `\mathtt' in version `bold'
(Font)                  OT1/cmtt/m/n --> OT1/lmtt/m/n on input line 38.
)
(C:\Users\amigo\AppData\Local\Programs\MiKTeX\tex/latex/was\icomma.sty
Package: icomma 2002/03/10 v2.0 (WaS)
)
(C:\Users\amigo\AppData\Local\Programs\MiKTeX\tex/latex/amsmath\amsmath.sty
Package: amsmath 2023/05/13 v2.17o AMS math features
\@mathmargin=\skip190

For additional information on amsmath, use the `?' option.
(C:\Users\amigo\AppData\Local\Programs\MiKTeX\tex/latex/amsmath\amstext.sty
Package: amstext 2021/08/26 v2.01 AMS text

(C:\Users\amigo\AppData\Local\Programs\MiKTeX\tex/latex/amsmath\amsgen.sty
File: amsgen.sty 1999/11/30 v2.0 generic functions
\@emptytoks=\toks28
\ex@=\dimen188
))
(C:\Users\amigo\AppData\Local\Programs\MiKTeX\tex/latex/amsmath\amsbsy.sty
Package: amsbsy 1999/11/29 v1.2d Bold Symbols
\pmbraise@=\dimen189
)
(C:\Users\amigo\AppData\Local\Programs\MiKTeX\tex/latex/amsmath\amsopn.sty
Package: amsopn 2022/04/08 v2.04 operator names
)
\inf@bad=\count314
LaTeX Info: Redefining \frac on input line 234.
\uproot@=\count315
\leftroot@=\count316
LaTeX Info: Redefining \overline on input line 399.
LaTeX Info: Redefining \colon on input line 410.
\classnum@=\count317
\DOTSCASE@=\count318
LaTeX Info: Redefining \ldots on input line 496.
LaTeX Info: Redefining \dots on input line 499.
LaTeX Info: Redefining \cdots on input line 620.
\Mathstrutbox@=\box57
\strutbox@=\box58
LaTeX Info: Redefining \big on input line 722.
LaTeX Info: Redefining \Big on input line 723.
LaTeX Info: Redefining \bigg on input line 724.
LaTeX Info: Redefining \Bigg on input line 725.
\big@size=\dimen190
LaTeX Font Info:    Redeclaring font encoding OML on input line 743.
LaTeX Font Info:    Redeclaring font encoding OMS on input line 744.
\macc@depth=\count319
LaTeX Info: Redefining \bmod on input line 905.
LaTeX Info: Redefining \pmod on input line 910.
LaTeX Info: Redefining \smash on input line 940.
LaTeX Info: Redefining \relbar on input line 970.
LaTeX Info: Redefining \Relbar on input line 971.
\c@MaxMatrixCols=\count320
\dotsspace@=\muskip16
\c@parentequation=\count321
\dspbrk@lvl=\count322
\tag@help=\toks29
\row@=\count323
\column@=\count324
\maxfields@=\count325
\andhelp@=\toks30
\eqnshift@=\dimen191
\alignsep@=\dimen192
\tagshift@=\dimen193
\tagwidth@=\dimen194
\totwidth@=\dimen195
\lineht@=\dimen196
\@envbody=\toks31
\multlinegap=\skip191
\multlinetaggap=\skip192
\mathdisplay@stack=\toks32
LaTeX Info: Redefining \[ on input line 2953.
LaTeX Info: Redefining \] on input line 2954.
)
(C:\Users\amigo\AppData\Local\Programs\MiKTeX\tex/latex/amsfonts\amssymb.sty
Package: amssymb 2013/01/14 v3.01 AMS font symbols

(C:\Users\amigo\AppData\Local\Programs\MiKTeX\tex/latex/amsfonts\amsfonts.sty
Package: amsfonts 2013/01/14 v3.01 Basic AMSFonts support
\symAMSa=\mathgroup4
\symAMSb=\mathgroup5
LaTeX Font Info:    Redeclaring math symbol \hbar on input line 98.
LaTeX Font Info:    Overwriting math alphabet `\mathfrak' in version `bold'
(Font)                  U/euf/m/n --> U/euf/b/n on input line 106.
)) (C:\Users\amigo\AppData\Local\Programs\MiKTeX\tex/latex/tools\bm.sty
Package: bm 2022/01/05 v1.2f Bold Symbol Support (DPC/FMi)
\symboldoperators=\mathgroup6
\symboldletters=\mathgroup7
\symboldsymbols=\mathgroup8
Package bm Info: No bold for \OMX/lmex/m/n, using \pmb.
Package bm Info: No bold for \U/msa/m/n, using \pmb.
Package bm Info: No bold for \U/msb/m/n, using \pmb.
LaTeX Font Info:    Redeclaring math alphabet \mathbf on input line 149.
)
(C:\Users\amigo\AppData\Local\Programs\MiKTeX\tex/latex/mathtools\mathtools.sty
Package: mathtools 2024/10/04 v1.31 mathematical typesetting tools
(C:\Users\amigo\AppData\Local\Programs\MiKTeX\tex/latex/tools\calc.sty
Package: calc 2017/05/25 v4.3 Infix arithmetic (KKT,FJ)
\calc@Acount=\count326
\calc@Bcount=\count327
\calc@Adimen=\dimen197
\calc@Bdimen=\dimen198
\calc@Askip=\skip193
\calc@Bskip=\skip194
LaTeX Info: Redefining \setlength on input line 80.
LaTeX Info: Redefining \addtolength on input line 81.
\calc@Ccount=\count328
\calc@Cskip=\skip195
)
(C:\Users\amigo\AppData\Local\Programs\MiKTeX\tex/latex/mathtools\mhsetup.sty
Package: mhsetup 2021/03/18 v1.4 programming setup (MH)
)
\g_MT_multlinerow_int=\count329
\l_MT_multwidth_dim=\dimen199
\origjot=\skip196
\l_MT_shortvdotswithinadjustabove_dim=\dimen256
\l_MT_shortvdotswithinadjustbelow_dim=\dimen257
\l_MT_above_intertext_sep=\dimen258
\l_MT_below_intertext_sep=\dimen259
\l_MT_above_shortintertext_sep=\dimen260
\l_MT_below_shortintertext_sep=\dimen261
\xmathstrut@box=\box59
\xmathstrut@dim=\dimen262
)
(C:\Users\amigo\AppData\Local\Programs\MiKTeX\tex/generic/mathdots\mathdots.sty
Package: mathdots 2014/06/11 v0.9 Improve and add various macros for dots in ma
th.
\MDo@unit=\dimen263
\MDo@dotsbox=\box60
\MDoprekern=\muskip17
\MDopostkern=\muskip18
\MDodotkern=\muskip19
) (C:\Users\amigo\AppData\Local\Programs\MiKTeX\tex/latex/ulem\ulem.sty
\UL@box=\box61
\UL@hyphenbox=\box62
\UL@skip=\skip197
\UL@hook=\toks33
\UL@height=\dimen264
\UL@pe=\count330
\UL@pixel=\dimen265
\ULC@box=\box63
Package: ulem 2019/11/18
\ULdepth=\dimen266
)
(C:\Users\amigo\AppData\Local\Programs\MiKTeX\tex/latex/graphics\graphicx.sty
Package: graphicx 2021/09/16 v1.2d Enhanced LaTeX Graphics (DPC,SPQR)

(C:\Users\amigo\AppData\Local\Programs\MiKTeX\tex/latex/graphics\graphics.sty
Package: graphics 2022/03/10 v1.4e Standard LaTeX Graphics (DPC,SPQR)

(C:\Users\amigo\AppData\Local\Programs\MiKTeX\tex/latex/graphics\trig.sty
Package: trig 2021/08/11 v1.11 sin cos tan (DPC)
)
(C:\Users\amigo\AppData\Local\Programs\MiKTeX\tex/latex/graphics-cfg\graphics.c
fg
File: graphics.cfg 2016/06/04 v1.11 sample graphics configuration
)
Package graphics Info: Driver file: pdftex.def on input line 107.

(C:\Users\amigo\AppData\Local\Programs\MiKTeX\tex/latex/graphics-def\pdftex.def
File: pdftex.def 2022/09/22 v1.2b Graphics/color driver for pdftex
))
\Gin@req@height=\dimen267
\Gin@req@width=\dimen268
) (C:\Users\amigo\AppData\Local\Programs\MiKTeX\tex/latex/caption\caption.sty
Package: caption 2023/08/05 v3.6o Customizing captions (AR)
(C:\Users\amigo\AppData\Local\Programs\MiKTeX\tex/latex/caption\caption3.sty
Package: caption3 2023/07/31 v2.4d caption3 kernel (AR)
\caption@tempdima=\dimen269
\captionmargin=\dimen270
\caption@leftmargin=\dimen271
\caption@rightmargin=\dimen272
\caption@width=\dimen273
\caption@indent=\dimen274
\caption@parindent=\dimen275
\caption@hangindent=\dimen276
Package caption Info: memoir document class detected.

(C:\Users\amigo\AppData\Local\Programs\MiKTeX\tex/latex/caption\caption-memoir.
sto
File: caption-memoir.sto 2023/09/08 v2.2c Adaption of the caption package to th
e memoir document class (AR)
))
\c@caption@flags=\count331
\c@continuedfloat=\count332
Package caption Info: changepage package is loaded.
\caption@adjustwidth@hsize=\dimen277
\caption@adjustwidth@linewidth=\dimen278
)
(C:\Users\amigo\AppData\Local\Programs\MiKTeX\tex/latex/subfig\subfig.sty
Package: subfig 2005/06/28 ver: 1.3 subfig package
\c@KVtest=\count333
\sf@farskip=\skip198
\sf@captopadj=\dimen279
\sf@capskip=\skip199
\sf@nearskip=\skip256
\c@subfigure=\count334
\c@subfigure@save=\count335
\c@subtable=\count336
\c@subtable@save=\count337
\sf@top=\skip257
\sf@bottom=\skip258
)
(C:\Users\amigo\AppData\Local\Programs\MiKTeX\tex/latex/xcolor\xcolor.sty
Package: xcolor 2022/06/12 v2.14 LaTeX color extensions (UK)

(C:\Users\amigo\AppData\Local\Programs\MiKTeX\tex/latex/graphics-cfg\color.cfg
File: color.cfg 2016/01/02 v1.6 sample color configuration
)
Package xcolor Info: Driver file: pdftex.def on input line 227.
(C:\Users\amigo\AppData\Local\Programs\MiKTeX\tex/latex/graphics\mathcolor.ltx)
Package xcolor Info: Model `cmy' substituted by `cmy0' on input line 1353.
Package xcolor Info: Model `hsb' substituted by `rgb' on input line 1357.
Package xcolor Info: Model `RGB' extended on input line 1369.
Package xcolor Info: Model `HTML' substituted by `rgb' on input line 1371.
Package xcolor Info: Model `Hsb' substituted by `hsb' on input line 1372.
Package xcolor Info: Model `tHsb' substituted by `hsb' on input line 1373.
Package xcolor Info: Model `HSB' substituted by `hsb' on input line 1374.
Package xcolor Info: Model `Gray' substituted by `gray' on input line 1375.
Package xcolor Info: Model `wave' substituted by `hsb' on input line 1376.
) (C:\Users\amigo\AppData\Local\Programs\MiKTeX\tex/latex/siunitx\siunitx.sty
Package: siunitx 2025-07-09 v3.4.14 A comprehensive (SI) units package
\l__siunitx_number_uncert_offset_int=\count338
\l__siunitx_number_exponent_fixed_int=\count339
\l__siunitx_number_min_decimal_int=\count340
\l__siunitx_number_min_integer_int=\count341
\l__siunitx_number_round_precision_int=\count342
\l__siunitx_number_lower_threshold_int=\count343
\l__siunitx_number_upper_threshold_int=\count344
\l__siunitx_number_group_first_int=\count345
\l__siunitx_number_group_size_int=\count346
\l__siunitx_number_group_minimum_int=\count347
\l__siunitx_angle_tmp_dim=\dimen280
\l__siunitx_angle_marker_box=\box64
\l__siunitx_angle_unit_box=\box65
\l__siunitx_compound_count_int=\count348

(C:\Users\amigo\AppData\Local\Programs\MiKTeX\tex/latex/translations\translatio
ns.sty
Package: translations 2022/02/05 v1.12 internationalization of LaTeX2e packages
 (CN)

(C:\Users\amigo\AppData\Local\Programs\MiKTeX\tex/generic/pdftexcmds\pdftexcmds
.sty
Package: pdftexcmds 2020-06-27 v0.33 Utility functions of pdfTeX for LuaTeX (HO
)
Package pdftexcmds Info: \pdf@primitive is available.
Package pdftexcmds Info: \pdf@ifprimitive is available.
Package pdftexcmds Info: \pdfdraftmode found.
))
\l__siunitx_table_tmp_box=\box66
\l__siunitx_table_tmp_dim=\dimen281
\l__siunitx_table_column_width_dim=\dimen282
\l__siunitx_table_integer_box=\box67
\l__siunitx_table_decimal_box=\box68
\l__siunitx_table_uncert_box=\box69
\l__siunitx_table_before_box=\box70
\l__siunitx_table_after_box=\box71
\l__siunitx_table_before_dim=\dimen283
\l__siunitx_table_carry_dim=\dimen284
\l__siunitx_unit_tmp_int=\count349
\l__siunitx_unit_position_int=\count350
\l__siunitx_unit_total_int=\count351
)
(C:\Users\amigo\AppData\Local\Programs\MiKTeX\tex/latex/tools\theorem.sty
Package: theorem 2014/10/28 v2.2c Theorem extension package (FMi)
\theorem@style=\toks34
\theorem@bodyfont=\toks35
\theorempreskipamount=\skip259
\theorempostskipamount=\skip260

(C:\Users\amigo\AppData\Local\Programs\MiKTeX\tex/latex/tools\thp.sty
File: thp.sty 2014/10/28 v2.2c Theorem extension package (FMi)
))
(C:\Users\amigo\AppData\Local\Programs\MiKTeX\tex/latex/hyperref\hyperref.sty
Package: hyperref 2023-07-08 v7.01b Hypertext links for LaTeX

(C:\Users\amigo\AppData\Local\Programs\MiKTeX\tex/generic/kvdefinekeys\kvdefine
keys.sty
Package: kvdefinekeys 2019-12-19 v1.6 Define keys (HO)
)
(C:\Users\amigo\AppData\Local\Programs\MiKTeX\tex/generic/pdfescape\pdfescape.s
ty
Package: pdfescape 2019/12/09 v1.15 Implements pdfTeX's escape features (HO)
) (C:\Users\amigo\AppData\Local\Programs\MiKTeX\tex/latex/hycolor\hycolor.sty
Package: hycolor 2020-01-27 v1.10 Color options for hyperref/bookmark (HO)
)
(C:\Users\amigo\AppData\Local\Programs\MiKTeX\tex/latex/letltxmacro\letltxmacro
.sty
Package: letltxmacro 2019/12/03 v1.6 Let assignment for LaTeX macros (HO)
)
(C:\Users\amigo\AppData\Local\Programs\MiKTeX\tex/latex/auxhook\auxhook.sty
Package: auxhook 2019-12-17 v1.6 Hooks for auxiliary files (HO)
)
\@linkdim=\dimen285
\Hy@linkcounter=\count352
\Hy@pagecounter=\count353

(C:\Users\amigo\AppData\Local\Programs\MiKTeX\tex/latex/hyperref\pd1enc.def
File: pd1enc.def 2023-07-08 v7.01b Hyperref: PDFDocEncoding definition (HO)
Now handling font encoding PD1 ...
... no UTF-8 mapping file for font encoding PD1
)
(C:\Users\amigo\AppData\Local\Programs\MiKTeX\tex/generic/intcalc\intcalc.sty
Package: intcalc 2019/12/15 v1.3 Expandable calculations with integers (HO)
)
\Hy@SavedSpaceFactor=\count354

(C:\Users\amigo\AppData\Local\Programs\MiKTeX\tex/latex/hyperref\puenc.def
File: puenc.def 2023-07-08 v7.01b Hyperref: PDF Unicode definition (HO)
Now handling font encoding PU ...
... no UTF-8 mapping file for font encoding PU
)
Package hyperref Info: Hyper figures OFF on input line 4167.
Package hyperref Info: Link nesting OFF on input line 4172.
Package hyperref Info: Hyper index ON on input line 4175.
Package hyperref Info: Plain pages OFF on input line 4182.
Package hyperref Info: Backreferencing OFF on input line 4187.
Package hyperref Info: Implicit mode ON; LaTeX internals redefined.
Package hyperref Info: Bookmarks ON on input line 4434.
\c@Hy@tempcnt=\count355

(C:\Users\amigo\AppData\Local\Programs\MiKTeX\tex/latex/url\url.sty
\Urlmuskip=\muskip20
Package: url 2013/09/16  ver 3.4  Verb mode for urls, etc.
)
LaTeX Info: Redefining \url on input line 4772.
\XeTeXLinkMargin=\dimen286

(C:\Users\amigo\AppData\Local\Programs\MiKTeX\tex/generic/bitset\bitset.sty
Package: bitset 2019/12/09 v1.3 Handle bit-vector datatype (HO)

(C:\Users\amigo\AppData\Local\Programs\MiKTeX\tex/generic/bigintcalc\bigintcalc
.sty
Package: bigintcalc 2019/12/15 v1.5 Expandable calculations on big integers (HO
)
))
\Fld@menulength=\count356
\Field@Width=\dimen287
\Fld@charsize=\dimen288
Package hyperref Info: Hyper figures OFF on input line 6051.
Package hyperref Info: Link nesting OFF on input line 6056.
Package hyperref Info: Hyper index ON on input line 6059.
Package hyperref Info: backreferencing OFF on input line 6066.
Package hyperref Info: Link coloring OFF on input line 6071.
Package hyperref Info: Link coloring with OCG OFF on input line 6076.
Package hyperref Info: PDF/A mode OFF on input line 6081.

(C:\Users\amigo\AppData\Local\Programs\MiKTeX\tex/latex/base\atbegshi-ltx.sty
Package: atbegshi-ltx 2021/01/10 v1.0c Emulation of the original atbegshi
package with kernel methods
)
\Hy@abspage=\count357
\c@Item=\count358
\c@Hfootnote=\count359
)
Package hyperref Info: Driver (autodetected): hpdftex.
(C:\Users\amigo\AppData\Local\Programs\MiKTeX\tex/latex/hyperref\hpdftex.def
File: hpdftex.def 2023-07-08 v7.01b Hyperref driver for pdfTeX

(C:\Users\amigo\AppData\Local\Programs\MiKTeX\tex/latex/base\atveryend-ltx.sty
Package: atveryend-ltx 2020/08/19 v1.0a Emulation of the original atveryend pac
kage
with kernel methods
)
\Fld@listcount=\count360
\c@bookmark@seq@number=\count361

(C:\Users\amigo\AppData\Local\Programs\MiKTeX\tex/latex/rerunfilecheck\rerunfil
echeck.sty
Package: rerunfilecheck 2022-07-10 v1.10 Rerun checks for auxiliary files (HO)

(C:\Users\amigo\AppData\Local\Programs\MiKTeX\tex/generic/uniquecounter\uniquec
ounter.sty
Package: uniquecounter 2019/12/15 v1.4 Provide unlimited unique counter (HO)
)
Package uniquecounter Info: New unique counter `rerunfilecheck' on input line 2
85.
)
\Hy@SectionHShift=\skip261
)
(C:\Users\amigo\AppData\Local\Programs\MiKTeX\tex/latex/memoir\memhfixc.sty
Package: memhfixc 2025/03/06 v1.23 hyperref package fixes for memoir class
\c@memhycontfloat=\count362
\c@mem@Hpagenote=\count363
)
(C:\Users\amigo\AppData\Local\Programs\MiKTeX\tex/latex/enumitem\enumitem.sty
Package: enumitem 2019/06/20 v3.9 Customized lists
\labelindent=\skip262
\enit@outerparindent=\dimen289
\enit@toks=\toks36
\enit@inbox=\box72
\enit@count@id=\count364
\enitdp@description=\count365
)
(C:\Users\amigo\AppData\Local\Programs\MiKTeX\tex/latex/tools\longtable.sty
Package: longtable 2021-09-01 v4.17 Multi-page Table package (DPC)
\LTleft=\skip263
\LTright=\skip264
\LTpre=\skip265
\LTpost=\skip266
\LTchunksize=\count366
\LTcapwidth=\dimen290
\LT@head=\box73
\LT@firsthead=\box74
\LT@foot=\box75
\LT@lastfoot=\box76
\LT@gbox=\box77
\LT@cols=\count367
\LT@rows=\count368
\c@LT@tables=\count369
\c@LT@chunks=\count370
\LT@p@ftn=\toks37
)
LaTeX Font Info:    Trying to load font information for T1+lmr on input line 92
.

(C:\Users\amigo\AppData\Local\Programs\MiKTeX\tex/latex/lm\t1lmr.fd
File: t1lmr.fd 2015/05/01 v1.6.1 Font defs for Latin Modern
) (Main.aux
LaTeX Info: Redefining \. on input line 42.
LaTeX Info: Redefining \% on input line 42.
)
\openout1 = `Main.aux'.

LaTeX Font Info:    Checking defaults for OML/cmm/m/it on input line 92.
LaTeX Font Info:    ... okay on input line 92.
LaTeX Font Info:    Checking defaults for OMS/cmsy/m/n on input line 92.
LaTeX Font Info:    ... okay on input line 92.
LaTeX Font Info:    Checking defaults for OT1/cmr/m/n on input line 92.
LaTeX Font Info:    ... okay on input line 92.
LaTeX Font Info:    Checking defaults for T1/cmr/m/n on input line 92.
LaTeX Font Info:    ... okay on input line 92.
LaTeX Font Info:    Checking defaults for TS1/cmr/m/n on input line 92.
LaTeX Font Info:    ... okay on input line 92.
LaTeX Font Info:    Checking defaults for OMX/cmex/m/n on input line 92.
LaTeX Font Info:    ... okay on input line 92.
LaTeX Font Info:    Checking defaults for U/cmr/m/n on input line 92.
LaTeX Font Info:    ... okay on input line 92.
LaTeX Font Info:    Checking defaults for PD1/pdf/m/n on input line 92.
LaTeX Font Info:    ... okay on input line 92.
LaTeX Font Info:    Checking defaults for PU/pdf/m/n on input line 92.
LaTeX Font Info:    ... okay on input line 92.
LaTeX Info: Redefining \. on input line 92.
LaTeX Info: Redefining \% on input line 92.

(C:\Users\amigo\AppData\Local\Programs\MiKTeX\tex/context/base/mkii\supp-pdf.mk
ii
[Loading MPS to PDF converter (version 2006.09.02).]
\scratchcounter=\count371
\scratchdimen=\dimen291
\scratchbox=\box78
\nofMPsegments=\count372
\nofMParguments=\count373
\everyMPshowfont=\toks38
\MPscratchCnt=\count374
\MPscratchDim=\dimen292
\MPnumerator=\count375
\makeMPintoPDFobject=\count376
\everyMPtoPDFconversion=\toks39
)
(C:\Users\amigo\AppData\Local\Programs\MiKTeX\tex/latex/epstopdf-pkg\epstopdf-b
ase.sty
Package: epstopdf-base 2020-01-24 v2.11 Base part for package epstopdf
Package epstopdf-base Info: Redefining graphics rule for `.eps' on input line 4
85.

(C:\Users\amigo\AppData\Local\Programs\MiKTeX\tex/latex/00miktex\epstopdf-sys.c
fg
File: epstopdf-sys.cfg 2021/03/18 v2.0 Configuration of epstopdf for MiKTeX
))
Package caption Info: Begin \AtBeginDocument code.
Package caption Info: subfig package v1.3 is loaded.
Package caption Info: hyperref package is loaded.
Package caption Info: longtable package is loaded.

(C:\Users\amigo\AppData\Local\Programs\MiKTeX\tex/latex/caption\ltcaption.sty
Package: ltcaption 2021/01/08 v1.4c longtable captions (AR)
)
Package caption Info: End \AtBeginDocument code.

(C:\Users\amigo\AppData\Local\Programs\MiKTeX\tex/latex/translations/dicts\tran
slations-basic-dictionary-spanish.trsl
File: translations-basic-dictionary-spanish.trsl (spanish translation file `tra
nslations-basic-dictionary')
)
Package translations Info: loading dictionary `translations-basic-dictionary' f
or `spanish'. on input line 92.
Package hyperref Info: Link coloring OFF on input line 92.
 (Main.out) (Main.out)
\@outlinefile=\write4
\openout4 = `Main.out'.



Package hyperref Warning: bookmark level for unknown <(sub-)section> defaults t
o 0.

(Introduction.tex
Underfull \hbox (badness 10000) in paragraph at lines 1--2

 []


Underfull \hbox (badness 10000) in paragraph at lines 4--5

 []


Underfull \hbox (badness 10000) in paragraph at lines 6--7

 []


Underfull \hbox (badness 10000) in paragraph at lines 8--9

 []


Underfull \hbox (badness 10000) in paragraph at lines 11--12

 []


Underfull \hbox (badness 10000) in paragraph at lines 13--14

 []


Underfull \hbox (badness 10000) in paragraph at lines 16--17

 []


Class memoir Warning: The material used in the headers is too large
(77.33434pt) for the given head height (56.9055pt), it is recommended to
either increase the head height or redesign the header
(in both cases you will find help in the memoir manual). on input line 17.


Overfull \vbox (20.42883pt too high) has occurred while \output is active []


[1{C:/Users/amigo/AppData/Local/MiKTeX/fonts/map/pdftex/pdftex.map}{C:/Users/am
igo/AppData/Local/Programs/MiKTeX/fonts/enc/dvips/lm/lm-ec.enc}

]
Underfull \hbox (badness 10000) in paragraph at lines 18--19

 []


Underfull \hbox (badness 10000) in paragraph at lines 20--21

 []

LaTeX Font Info:    Trying to load font information for OT1+lmr on input line 2
2.
(C:\Users\amigo\AppData\Local\Programs\MiKTeX\tex/latex/lm\ot1lmr.fd
File: ot1lmr.fd 2015/05/01 v1.6.1 Font defs for Latin Modern
)
LaTeX Font Info:    Trying to load font information for OML+lmm on input line 2
2.

(C:\Users\amigo\AppData\Local\Programs\MiKTeX\tex/latex/lm\omllmm.fd
File: omllmm.fd 2015/05/01 v1.6.1 Font defs for Latin Modern
)
LaTeX Font Info:    Trying to load font information for OMS+lmsy on input line 
22.

(C:\Users\amigo\AppData\Local\Programs\MiKTeX\tex/latex/lm\omslmsy.fd
File: omslmsy.fd 2015/05/01 v1.6.1 Font defs for Latin Modern
)
LaTeX Font Info:    Trying to load font information for OMX+lmex on input line 
22.

(C:\Users\amigo\AppData\Local\Programs\MiKTeX\tex/latex/lm\omxlmex.fd
File: omxlmex.fd 2015/05/01 v1.6.1 Font defs for Latin Modern
)
LaTeX Font Info:    External font `lmex10' loaded for size
(Font)              <12> on input line 22.
LaTeX Font Info:    External font `lmex10' loaded for size
(Font)              <8> on input line 22.
LaTeX Font Info:    External font `lmex10' loaded for size
(Font)              <6> on input line 22.
LaTeX Font Info:    Trying to load font information for U+msa on input line 22.


(C:\Users\amigo\AppData\Local\Programs\MiKTeX\tex/latex/amsfonts\umsa.fd
File: umsa.fd 2013/01/14 v3.01 AMS symbols A
)
LaTeX Font Info:    Trying to load font information for U+msb on input line 22.


(C:\Users\amigo\AppData\Local\Programs\MiKTeX\tex/latex/amsfonts\umsb.fd
File: umsb.fd 2013/01/14 v3.01 AMS symbols B
)
Underfull \hbox (badness 10000) in paragraph at lines 22--23

 []

) (StressConsequences.tex
Underfull \hbox (badness 10000) in paragraph at lines 1--2

 []

[2{C:/Users/amigo/AppData/Local/Programs/MiKTeX/fonts/enc/dvips/lm/lm-rm.enc}{C
:/Users/amigo/AppData/Local/Programs/MiKTeX/fonts/enc/dvips/lm/lm-mathsy.enc}]
Underfull \hbox (badness 10000) in paragraph at lines 8--10

 []


Underfull \hbox (badness 10000) in paragraph at lines 8--10

 []

) (State of the art.tex
Underfull \hbox (badness 10000) in paragraph at lines 1--2

 []


Underfull \hbox (badness 10000) in paragraph at lines 3--4

 []

LaTeX Font Info:    Trying to load font information for T1+lmtt on input line 7
.
(C:\Users\amigo\AppData\Local\Programs\MiKTeX\tex/latex/lm\t1lmtt.fd
File: t1lmtt.fd 2015/05/01 v1.6.1 Font defs for Latin Modern
)
Overfull \hbox (45.87556pt too wide) in paragraph at lines 7--8
\T1/lmr/m/n/12 men-ta-ria y Pes-que-ra (SIAP), dis-po-ni-bles en []$\T1/lmtt/m/
n/12 http : / / infosiap . siap . gob . mx / gobmx / datosAbiertos .
 []


Underfull \hbox (badness 10000) in paragraph at lines 7--8

 []

[3]
Underfull \hbox (badness 10000) in paragraph at lines 9--10

 []


Underfull \hbox (badness 10000) in paragraph at lines 11--12

 []


Overfull \hbox (29.67525pt too wide) in paragraph at lines 13--14
\T1/lmtt/m/n/12 conagua . gob . mx / es / climatologia / informacion -[] climat
ologica / normales -[] climatologicas -[]
 []


Overfull \hbox (11.65024pt too wide) in paragraph at lines 13--14
\T1/lmtt/m/n/12 smn . conagua . gob . mx / es / climatologia / temperaturas -[]
 y -[] lluvias / resumenes -[] mensuales -[]
 []


Underfull \hbox (badness 10000) in paragraph at lines 13--14

 []


Underfull \hbox (badness 10000) in paragraph at lines 15--16

 []


Underfull \hbox (badness 10000) in paragraph at lines 17--18

 []

Package epstopdf Info: Source file: <Images/ProduccionAnual2024.eps>
(epstopdf)                    date: 2025-08-15 13:36:14
(epstopdf)                    size: 75356 bytes
(epstopdf)             Output file: <Images/ProduccionAnual2024-eps-converted-t
o.pdf>
(epstopdf)                    date: 2025-08-15 13:39:44
(epstopdf)                    size: 24355 bytes
(epstopdf)             Command: <miktex-epstopdf --outfile=Images/ProduccionAnu
al2024-eps-converted-to.pdf Images/ProduccionAnual2024.eps>
(epstopdf)             \includegraphics on input line 24.
Package epstopdf Info: Output file is already uptodate.
<Images/ProduccionAnual2024-eps-converted-to.pdf, id=135, 1084.05pt x 650.43pt>

File: Images/ProduccionAnual2024-eps-converted-to.pdf Graphic file (type pdf)
<use Images/ProduccionAnual2024-eps-converted-to.pdf>
Package pdftex.def Info: Images/ProduccionAnual2024-eps-converted-to.pdf  used 
on input line 24.
(pdftex.def)             Requested size: 472.0pt x 283.20273pt.
Package epstopdf Info: Source file: <Images/RendimientoAnual2024.eps>
(epstopdf)                    date: 2025-08-15 13:36:14
(epstopdf)                    size: 76824 bytes
(epstopdf)             Output file: <Images/RendimientoAnual2024-eps-converted-
to.pdf>
(epstopdf)                    date: 2025-08-15 13:39:45
(epstopdf)                    size: 25529 bytes
(epstopdf)             Command: <miktex-epstopdf --outfile=Images/RendimientoAn
ual2024-eps-converted-to.pdf Images/RendimientoAnual2024.eps>
(epstopdf)             \includegraphics on input line 30.
Package epstopdf Info: Output file is already uptodate.
<Images/RendimientoAnual2024-eps-converted-to.pdf, id=136, 1084.05pt x 650.43pt
>
File: Images/RendimientoAnual2024-eps-converted-to.pdf Graphic file (type pdf)
<use Images/RendimientoAnual2024-eps-converted-to.pdf>
Package pdftex.def Info: Images/RendimientoAnual2024-eps-converted-to.pdf  used
 on input line 30.
(pdftex.def)             Requested size: 472.0pt x 283.20273pt.

Overfull \hbox (7.83322pt too wide) in paragraph at lines 24--31
 [][] 
 []


Overfull \hbox (7.83322pt too wide) in paragraph at lines 24--31
 [][] 
 []


LaTeX Warning: Float too large for page by 22.85545pt on input line 33.


Underfull \hbox (badness 10000) in paragraph at lines 37--38

 []

[4]
Underfull \hbox (badness 10000) in paragraph at lines 40--41

 []

Package epstopdf Info: Source file: <Images/Tacámbaro_LosReyes_Comparison.eps>

(epstopdf)                    date: 2025-08-15 13:36:14
(epstopdf)                    size: 116919 bytes
(epstopdf)             Output file: <Images/Tacámbaro_LosReyes_Comparison-eps-
converted-to.pdf>
(epstopdf)                    date: 2025-08-15 13:39:46
(epstopdf)                    size: 150518 bytes
(epstopdf)             Command: <miktex-epstopdf --outfile=Images/Tacámbaro_Lo
sReyes_Comparison-eps-converted-to.pdf Images/Tacámbaro_LosReyes_Comparison.ep
s>
(epstopdf)             \includegraphics on input line 44.
Package epstopdf Info: Output file is already uptodate.
<Images/Tacámbaro_LosReyes_Comparison-eps-converted-to.pdf, id=160, 1084.05pt 
x 722.7pt>
File: Images/Tacámbaro_LosReyes_Comparison-eps-converted-to.pdf Graphic file (
type pdf)
<use Images/Tacámbaro_LosReyes_Comparison-eps-converted-to.pdf>
Package pdftex.def Info: Images/Tacámbaro_LosReyes_Comparison-eps-converted-to
.pdf  used on input line 44.
(pdftex.def)             Requested size: 472.0pt x 314.6697pt.

Underfull \hbox (badness 10000) in paragraph at lines 49--50

 []

Package epstopdf Info: Source file: <Images/Produccion_statistical_comparison.e
ps>
(epstopdf)                    date: 2025-08-15 13:36:14
(epstopdf)                    size: 49262 bytes
(epstopdf)             Output file: <Images/Produccion_statistical_comparison-e
ps-converted-to.pdf>
(epstopdf)                    date: 2025-08-15 13:39:47
(epstopdf)                    size: 18238 bytes
(epstopdf)             Command: <miktex-epstopdf --outfile=Images/Produccion_st
atistical_comparison-eps-converted-to.pdf Images/Produccion_statistical_compari
son.eps>
(epstopdf)             \includegraphics on input line 53.
Package epstopdf Info: Output file is already uptodate.
<Images/Produccion_statistical_comparison-eps-converted-to.pdf, id=164, 1084.05
pt x 722.7pt>
File: Images/Produccion_statistical_comparison-eps-converted-to.pdf Graphic fil
e (type pdf)
<use Images/Produccion_statistical_comparison-eps-converted-to.pdf>
Package pdftex.def Info: Images/Produccion_statistical_comparison-eps-converted
-to.pdf  used on input line 53.
(pdftex.def)             Requested size: 472.0pt x 314.6697pt.

Underfull \hbox (badness 10000) in paragraph at lines 58--59

 []


Underfull \hbox (badness 10000) in paragraph at lines 60--61

 []


Underfull \hbox (badness 10000) in paragraph at lines 64--65

 []


Underfull \hbox (badness 10000) in paragraph at lines 66--67

 []

Package epstopdf Info: Source file: <Images/Meteorological_comparison.eps>
(epstopdf)                    date: 2025-08-15 13:36:14
(epstopdf)                    size: 1740176 bytes
(epstopdf)             Output file: <Images/Meteorological_comparison-eps-conve
rted-to.pdf>
(epstopdf)                    date: 2025-08-15 13:39:53
(epstopdf)                    size: 5791144 bytes
(epstopdf)             Command: <miktex-epstopdf --outfile=Images/Meteorologica
l_comparison-eps-converted-to.pdf Images/Meteorological_comparison.eps>
(epstopdf)             \includegraphics on input line 71.
Package epstopdf Info: Output file is already uptodate.
<Images/Meteorological_comparison-eps-converted-to.pdf, id=172, 1445.4pt x 1445
.4pt>
File: Images/Meteorological_comparison-eps-converted-to.pdf Graphic file (type 
pdf)
<use Images/Meteorological_comparison-eps-converted-to.pdf>
Package pdftex.def Info: Images/Meteorological_comparison-eps-converted-to.pdf 
 used on input line 71.
(pdftex.def)             Requested size: 472.0pt x 471.99905pt.

Underfull \hbox (badness 10000) in paragraph at lines 77--78

 []

[5{C:/Users/amigo/AppData/Local/Programs/MiKTeX/fonts/enc/dvips/lm/lm-mathit.en
c}]
Underfull \hbox (badness 10000) in paragraph at lines 79--80

 []


Underfull \hbox (badness 10000) in paragraph at lines 81--82

 []


Underfull \hbox (badness 10000) in paragraph at lines 84--85

 []

Package epstopdf Info: Source file: <Images/Meteorological_statistical_comparis
on.eps>
(epstopdf)                    date: 2025-08-15 13:36:14
(epstopdf)                    size: 108227 bytes
(epstopdf)             Output file: <Images/Meteorological_statistical_comparis
on-eps-converted-to.pdf>
(epstopdf)                    date: 2025-08-15 13:39:54
(epstopdf)                    size: 63654 bytes
(epstopdf)             Command: <miktex-epstopdf --outfile=Images/Meteorologica
l_statistical_comparison-eps-converted-to.pdf Images/Meteorological_statistical
_comparison.eps>
(epstopdf)             \includegraphics on input line 88.
Package epstopdf Info: Output file is already uptodate.
<Images/Meteorological_statistical_comparison-eps-converted-to.pdf, id=187, 108
4.05pt x 722.7pt>
File: Images/Meteorological_statistical_comparison-eps-converted-to.pdf Graphic
 file (type pdf)
<use Images/Meteorological_statistical_comparison-eps-converted-to.pdf>
Package pdftex.def Info: Images/Meteorological_statistical_comparison-eps-conve
rted-to.pdf  used on input line 88.
(pdftex.def)             Requested size: 472.0pt x 314.6697pt.
LaTeX Font Info:    External font `lmex10' loaded for size
(Font)              <10.95> on input line 89.

Underfull \hbox (badness 10000) in paragraph at lines 94--95

 []


Underfull \hbox (badness 10000) in paragraph at lines 97--98

 []


Underfull \hbox (badness 10000) in paragraph at lines 99--100

 []


Underfull \hbox (badness 10000) in paragraph at lines 101--102

 []

[6]
Package epstopdf Info: Source file: <Images/Effect_on_monthly_production_Tacamb
aro.eps>
(epstopdf)                    date: 2025-08-15 13:36:14
(epstopdf)                    size: 108028 bytes
(epstopdf)             Output file: <Images/Effect_on_monthly_production_Tacamb
aro-eps-converted-to.pdf>
(epstopdf)                    date: 2025-08-15 13:39:55
(epstopdf)                    size: 80578 bytes
(epstopdf)             Command: <miktex-epstopdf --outfile=Images/Effect_on_mon
thly_production_Tacambaro-eps-converted-to.pdf Images/Effect_on_monthly_product
ion_Tacambaro.eps>
(epstopdf)             \includegraphics on input line 108.
Package epstopdf Info: Output file is already uptodate.
<Images/Effect_on_monthly_production_Tacambaro-eps-converted-to.pdf, id=202, 10
84.05pt x 722.7pt>
File: Images/Effect_on_monthly_production_Tacambaro-eps-converted-to.pdf Graphi
c file (type pdf)
<use Images/Effect_on_monthly_production_Tacambaro-eps-converted-to.pdf>
Package pdftex.def Info: Images/Effect_on_monthly_production_Tacambaro-eps-conv
erted-to.pdf  used on input line 108.
(pdftex.def)             Requested size: 377.60144pt x 251.73576pt.
Package epstopdf Info: Source file: <Images/Effect_on_monthly_production_LosRey
es.eps>
(epstopdf)                    date: 2025-08-15 13:36:14
(epstopdf)                    size: 112639 bytes
(epstopdf)             Output file: <Images/Effect_on_monthly_production_LosRey
es-eps-converted-to.pdf>
(epstopdf)                    date: 2025-08-15 13:39:56
(epstopdf)                    size: 80598 bytes
(epstopdf)             Command: <miktex-epstopdf --outfile=Images/Effect_on_mon
thly_production_LosReyes-eps-converted-to.pdf Images/Effect_on_monthly_producti
on_LosReyes.eps>
(epstopdf)             \includegraphics on input line 114.
Package epstopdf Info: Output file is already uptodate.
<Images/Effect_on_monthly_production_LosReyes-eps-converted-to.pdf, id=203, 108
4.05pt x 722.7pt>
File: Images/Effect_on_monthly_production_LosReyes-eps-converted-to.pdf Graphic
 file (type pdf)
<use Images/Effect_on_monthly_production_LosReyes-eps-converted-to.pdf>
Package pdftex.def Info: Images/Effect_on_monthly_production_LosReyes-eps-conve
rted-to.pdf  used on input line 114.
(pdftex.def)             Requested size: 377.60144pt x 251.73576pt.


LaTeX Warning: Float too large for page by 0.72154pt on input line 117.


Underfull \hbox (badness 10000) in paragraph at lines 120--121

 []

Package epstopdf Info: Source file: <Images/Effect_on_cumulative_production_Tac
ambaro.eps>
(epstopdf)                    date: 2025-08-15 13:36:14
(epstopdf)                    size: 108417 bytes
(epstopdf)             Output file: <Images/Effect_on_cumulative_production_Tac
ambaro-eps-converted-to.pdf>
(epstopdf)                    date: 2025-08-15 13:39:58
(epstopdf)                    size: 80542 bytes
(epstopdf)             Command: <miktex-epstopdf --outfile=Images/Effect_on_cum
ulative_production_Tacambaro-eps-converted-to.pdf Images/Effect_on_cumulative_p
roduction_Tacambaro.eps>
(epstopdf)             \includegraphics on input line 127.
Package epstopdf Info: Output file is already uptodate.
<Images/Effect_on_cumulative_production_Tacambaro-eps-converted-to.pdf, id=215,
 1084.05pt x 722.7pt>
File: Images/Effect_on_cumulative_production_Tacambaro-eps-converted-to.pdf Gra
phic file (type pdf)
<use Images/Effect_on_cumulative_production_Tacambaro-eps-converted-to.pdf>
Package pdftex.def Info: Images/Effect_on_cumulative_production_Tacambaro-eps-c
onverted-to.pdf  used on input line 127.
(pdftex.def)             Requested size: 377.60144pt x 251.73576pt.
Package epstopdf Info: Source file: <Images/Effect_on_cumulative_production_Los
Reyes.eps>
(epstopdf)                    date: 2025-08-15 13:36:14
(epstopdf)                    size: 109816 bytes
(epstopdf)             Output file: <Images/Effect_on_cumulative_production_Los
Reyes-eps-converted-to.pdf>
(epstopdf)                    date: 2025-08-15 13:39:59
(epstopdf)                    size: 79532 bytes
(epstopdf)             Command: <miktex-epstopdf --outfile=Images/Effect_on_cum
ulative_production_LosReyes-eps-converted-to.pdf Images/Effect_on_cumulative_pr
oduction_LosReyes.eps>
(epstopdf)             \includegraphics on input line 133.
Package epstopdf Info: Output file is already uptodate.
<Images/Effect_on_cumulative_production_LosReyes-eps-converted-to.pdf, id=216, 
1084.05pt x 722.7pt>
File: Images/Effect_on_cumulative_production_LosReyes-eps-converted-to.pdf Grap
hic file (type pdf)
<use Images/Effect_on_cumulative_production_LosReyes-eps-converted-to.pdf>
Package pdftex.def Info: Images/Effect_on_cumulative_production_LosReyes-eps-co
nverted-to.pdf  used on input line 133.
(pdftex.def)             Requested size: 377.60144pt x 251.73576pt.

LaTeX Warning: Float too large for page by 0.72154pt on input line 136.


Underfull \hbox (badness 10000) in paragraph at lines 141--142

 []

Package epstopdf Info: Source file: <Images/Effect_on_MonthlyPerformance_Tacamb
aro.eps>
(epstopdf)                    date: 2025-08-15 13:36:14
(epstopdf)                    size: 117371 bytes
(epstopdf)             Output file: <Images/Effect_on_MonthlyPerformance_Tacamb
aro-eps-converted-to.pdf>
(epstopdf)                    date: 2025-08-15 13:40:00
(epstopdf)                    size: 82135 bytes
(epstopdf)             Command: <miktex-epstopdf --outfile=Images/Effect_on_Mon
thlyPerformance_Tacambaro-eps-converted-to.pdf Images/Effect_on_MonthlyPerforma
nce_Tacambaro.eps>
(epstopdf)             \includegraphics on input line 149.
Package epstopdf Info: Output file is already uptodate.
<Images/Effect_on_MonthlyPerformance_Tacambaro-eps-converted-to.pdf, id=228, 10
84.05pt x 722.7pt>
File: Images/Effect_on_MonthlyPerformance_Tacambaro-eps-converted-to.pdf Graphi
c file (type pdf)
<use Images/Effect_on_MonthlyPerformance_Tacambaro-eps-converted-to.pdf>
Package pdftex.def Info: Images/Effect_on_MonthlyPerformance_Tacambaro-eps-conv
erted-to.pdf  used on input line 149.
(pdftex.def)             Requested size: 377.60144pt x 251.73576pt.
Package epstopdf Info: Source file: <Images/Effect_on_MonthlyPerformance_LosRey
es.eps>
(epstopdf)                    date: 2025-08-15 13:36:14
(epstopdf)                    size: 109508 bytes
(epstopdf)             Output file: <Images/Effect_on_MonthlyPerformance_LosRey
es-eps-converted-to.pdf>
(epstopdf)                    date: 2025-08-15 13:40:01
(epstopdf)                    size: 81274 bytes
(epstopdf)             Command: <miktex-epstopdf --outfile=Images/Effect_on_Mon
thlyPerformance_LosReyes-eps-converted-to.pdf Images/Effect_on_MonthlyPerforman
ce_LosReyes.eps>
(epstopdf)             \includegraphics on input line 155.
Package epstopdf Info: Output file is already uptodate.
<Images/Effect_on_MonthlyPerformance_LosReyes-eps-converted-to.pdf, id=229, 108
4.05pt x 722.7pt>
File: Images/Effect_on_MonthlyPerformance_LosReyes-eps-converted-to.pdf Graphic
 file (type pdf)
<use Images/Effect_on_MonthlyPerformance_LosReyes-eps-converted-to.pdf>
Package pdftex.def Info: Images/Effect_on_MonthlyPerformance_LosReyes-eps-conve
rted-to.pdf  used on input line 155.
(pdftex.def)             Requested size: 377.60144pt x 251.73576pt.

LaTeX Warning: Float too large for page by 0.72154pt on input line 158.


Underfull \hbox (badness 10000) in paragraph at lines 160--161

 []

Package epstopdf Info: Source file: <Images/Effect_on_CumulativePerformance_Tac
ambaro.eps>
(epstopdf)                    date: 2025-08-15 13:36:14
(epstopdf)                    size: 105135 bytes
(epstopdf)             Output file: <Images/Effect_on_CumulativePerformance_Tac
ambaro-eps-converted-to.pdf>
(epstopdf)                    date: 2025-08-15 13:40:03
(epstopdf)                    size: 82571 bytes
(epstopdf)             Command: <miktex-epstopdf --outfile=Images/Effect_on_Cum
ulativePerformance_Tacambaro-eps-converted-to.pdf Images/Effect_on_CumulativePe
rformance_Tacambaro.eps>
(epstopdf)             \includegraphics on input line 167.
Package epstopdf Info: Output file is already uptodate.
<Images/Effect_on_CumulativePerformance_Tacambaro-eps-converted-to.pdf, id=241,
 1084.05pt x 722.7pt>
File: Images/Effect_on_CumulativePerformance_Tacambaro-eps-converted-to.pdf Gra
phic file (type pdf)
<use Images/Effect_on_CumulativePerformance_Tacambaro-eps-converted-to.pdf>
Package pdftex.def Info: Images/Effect_on_CumulativePerformance_Tacambaro-eps-c
onverted-to.pdf  used on input line 167.
(pdftex.def)             Requested size: 377.60144pt x 251.73576pt.
Package epstopdf Info: Source file: <Images/Effect_on_CumulativePerformance_Los
Reyes.eps>
(epstopdf)                    date: 2025-08-15 13:36:14
(epstopdf)                    size: 105639 bytes
(epstopdf)             Output file: <Images/Effect_on_CumulativePerformance_Los
Reyes-eps-converted-to.pdf>
(epstopdf)                    date: 2025-08-15 13:40:04
(epstopdf)                    size: 81972 bytes
(epstopdf)             Command: <miktex-epstopdf --outfile=Images/Effect_on_Cum
ulativePerformance_LosReyes-eps-converted-to.pdf Images/Effect_on_CumulativePer
formance_LosReyes.eps>
(epstopdf)             \includegraphics on input line 173.
Package epstopdf Info: Output file is already uptodate.
<Images/Effect_on_CumulativePerformance_LosReyes-eps-converted-to.pdf, id=242, 
1084.05pt x 722.7pt>
File: Images/Effect_on_CumulativePerformance_LosReyes-eps-converted-to.pdf Grap
hic file (type pdf)
<use Images/Effect_on_CumulativePerformance_LosReyes-eps-converted-to.pdf>
Package pdftex.def Info: Images/Effect_on_CumulativePerformance_LosReyes-eps-co
nverted-to.pdf  used on input line 173.
(pdftex.def)             Requested size: 377.60144pt x 251.73576pt.

LaTeX Warning: Float too large for page by 0.72154pt on input line 176.


Underfull \hbox (badness 10000) in paragraph at lines 179--180

 []


Underfull \hbox (badness 10000) in paragraph at lines 181--182

 []

[7]
Underfull \hbox (badness 10000) in paragraph at lines 184--185

 []


Underfull \hbox (badness 10000) in paragraph at lines 186--187

 []


Underfull \hbox (badness 10000) in paragraph at lines 188--189

 []


Underfull \hbox (badness 10000) in paragraph at lines 190--191

 []


Underfull \hbox (badness 10000) in paragraph at lines 192--193

 []


Underfull \hbox (badness 10000) in paragraph at lines 195--196

 []

[8]) (Goals.tex
Underfull \hbox (badness 10000) in paragraph at lines 1--2

 []


Underfull \hbox (badness 10000) in paragraph at lines 3--4

 []

[9]) (Schedule.tex
Underfull \hbox (badness 10000) in paragraph at lines 1--2

 []


Overfull \hbox (2.64912pt too wide) in alignment at lines 3--7
 [] [] 
 []


Overfull \hbox (2.64912pt too wide) in alignment at lines 7--12
 [] [] 
 []

LaTeX Font Info:    Trying to load font information for TS1+lmr on input line 2
2.
(C:\Users\amigo\AppData\Local\Programs\MiKTeX\tex/latex/lm\ts1lmr.fd
File: ts1lmr.fd 2015/05/01 v1.6.1 Font defs for Latin Modern
)
Overfull \hbox (2.64912pt too wide) in alignment at lines 12--102
 [] [] 
 []

[10{C:/Users/amigo/AppData/Local/Programs/MiKTeX/fonts/enc/dvips/lm/lm-ts1.enc}
] [11]) [12] [13 <./Images/ProduccionAnual2024-eps-converted-to.pdf> <./Images/
RendimientoAnual2024-eps-converted-to.pdf>] [14 <./Images/Tacámbaro_LosReyes_C
omparison-eps-converted-to.pdf>] [15 <./Images/Produccion_statistical_compariso
n-eps-converted-to.pdf>] [16 <./Images/Meteorological_comparison-eps-converted-
to.pdf>] [17 <./Images/Meteorological_statistical_comparison-eps-converted-to.p
df>] [18 <./Images/Effect_on_monthly_production_Tacambaro-eps-converted-to.pdf>
 <./Images/Effect_on_monthly_production_LosReyes-eps-converted-to.pdf>]
[19 <./Images/Effect_on_cumulative_production_Tacambaro-eps-converted-to.pdf> <
./Images/Effect_on_cumulative_production_LosReyes-eps-converted-to.pdf>]
[20 <./Images/Effect_on_MonthlyPerformance_Tacambaro-eps-converted-to.pdf> <./I
mages/Effect_on_MonthlyPerformance_LosReyes-eps-converted-to.pdf>] [21 <./Image
s/Effect_on_CumulativePerformance_Tacambaro-eps-converted-to.pdf> <./Images/Eff
ect_on_CumulativePerformance_LosReyes-eps-converted-to.pdf>] (Main.bbl
bibitemlist
[22

] [23]
Underfull \hbox (badness 1226) in paragraph at lines 229--237
\T1/lmr/m/it/12 so Na-cio-nal so-bre con-ser-va-cin y uti-li-za-cin de los re
-cur-sos zoo-ge-n-ti-cos, XXII
 []

[24])

Class memoir Warning: The material used in the headers is too large
(77.33434pt) for the given head height (56.9055pt), it is recommended to
either increase the head height or redesign the header
(in both cases you will find help in the memoir manual). on input line 186.

[25] (Main.aux
LaTeX Info: Redefining \. on input line 42.
LaTeX Info: Redefining \% on input line 42.
)
 ***********
LaTeX2e <2023-06-01> patch level 1
L3 programming layer <2020/03/25>
 ***********
Package rerunfilecheck Info: File `Main.out' has not changed.
(rerunfilecheck)             Checksum: 371874E3F2ED0D4718016049912C8191;1031.
 ) 
Here is how much of TeX's memory you used:
 22751 strings out of 474824
 428684 string characters out of 5750976
 1954043 words of memory out of 5000000
 44279 multiletter control sequences out of 15000+600000
 627944 words of font info for 87 fonts, out of 8000000 for 9000
 1141 hyphenation exceptions out of 8191
 85i,12n,93p,1049b,1214s stack positions out of 10000i,1000n,20000p,200000b,200000s
<C:/Users/amigo/AppData/Local/Programs/MiKTeX/fonts/type1/public/lm/lmbx10.pf
b><C:/Users/amigo/AppData/Local/Programs/MiKTeX/fonts/type1/public/lm/lmbx12.pf
b><C:/Users/amigo/AppData/Local/Programs/MiKTeX/fonts/type1/public/lm/lmcsc10.p
fb><C:/Users/amigo/AppData/Local/Programs/MiKTeX/fonts/type1/public/lm/lmmi10.p
fb><C:/Users/amigo/AppData/Local/Programs/MiKTeX/fonts/type1/public/lm/lmmi12.p
fb><C:/Users/amigo/AppData/Local/Programs/MiKTeX/fonts/type1/public/lm/lmr10.pf
b><C:/Users/amigo/AppData/Local/Programs/MiKTeX/fonts/type1/public/lm/lmr12.pfb
><C:/Users/amigo/AppData/Local/Programs/MiKTeX/fonts/type1/public/lm/lmri12.pfb
><C:/Users/amigo/AppData/Local/Programs/MiKTeX/fonts/type1/public/lm/lmsy10.pfb
><C:/Users/amigo/AppData/Local/Programs/MiKTeX/fonts/type1/public/lm/lmsy8.pfb>
<C:/Users/amigo/AppData/Local/Programs/MiKTeX/fonts/type1/public/lm/lmtt12.pfb>

Output written on Main.pdf (25 pages, 7028937 bytes).
PDF statistics:
 1292 PDF objects out of 1440 (max. 8388607)
 107 named destinations out of 1000 (max. 500000)
 119 words of extra memory for PDF output out of 10000 (max. 10000000)

